<?xml version="1.0" encoding="UTF-8"?>
<testsuite xmlns:xsi="http://www.w3.org/2001/XMLSchema-instance" xsi:noNamespaceSchemaLocation="https://maven.apache.org/surefire/maven-surefire-plugin/xsd/surefire-test-report-3.0.xsd" version="3.0" name="be.fgov.sfpd.integration.documents.ImportDocumentFromAPSoftToTheseosWorkflowRouteBuilderTest" time="8.765" tests="1" errors="0" skipped="0" failures="0">
  <properties>
    <property name="java.specification.version" value="13"/>
    <property name="sun.jnu.encoding" value="UTF-8"/>
    <property name="java.class.path" value="/Users/nstergiou/Downloads/sfpd-integration/target/test-classes:/Users/nstergiou/Downloads/sfpd-integration/target/classes:/Users/nstergiou/.m2/repository/org/apache/camel/camel-core/2.20.2/camel-core-2.20.2.jar:/Users/nstergiou/.m2/repository/org/slf4j/slf4j-api/1.7.22/slf4j-api-1.7.22.jar:/Users/nstergiou/.m2/repository/org/apache/camel/camel-http/2.20.2/camel-http-2.20.2.jar:/Users/nstergiou/.m2/repository/org/apache/camel/camel-http-common/2.20.2/camel-http-common-2.20.2.jar:/Users/nstergiou/.m2/repository/javax/servlet/javax.servlet-api/3.1.0/javax.servlet-api-3.1.0.jar:/Users/nstergiou/.m2/repository/commons-httpclient/commons-httpclient/3.1/commons-httpclient-3.1.jar:/Users/nstergiou/.m2/repository/commons-logging/commons-logging/1.2/commons-logging-1.2.jar:/Users/nstergiou/.m2/repository/commons-codec/commons-codec/1.10/commons-codec-1.10.jar:/Users/nstergiou/.m2/repository/org/apache/camel/camel-validator/3.1.0/camel-validator-3.1.0.jar:/Users/nstergiou/.m2/repository/org/apache/camel/camel-support/3.1.0/camel-support-3.1.0.jar:/Users/nstergiou/.m2/repository/org/apache/camel/camel-api/3.1.0/camel-api-3.1.0.jar:/Users/nstergiou/.m2/repository/org/apache/camel/camel-management-api/3.1.0/camel-management-api-3.1.0.jar:/Users/nstergiou/.m2/repository/org/apache/camel/camel-util/3.1.0/camel-util-3.1.0.jar:/Users/nstergiou/.m2/repository/org/apache/camel/camel-xml-jaxp/3.1.0/camel-xml-jaxp-3.1.0.jar:/Users/nstergiou/.m2/repository/org/apache/camel/camel-jsonpath/2.20.2/camel-jsonpath-2.20.2.jar:/Users/nstergiou/.m2/repository/com/jayway/jsonpath/json-path/2.4.0/json-path-2.4.0.jar:/Users/nstergiou/.m2/repository/net/minidev/json-smart/2.3/json-smart-2.3.jar:/Users/nstergiou/.m2/repository/net/minidev/accessors-smart/1.2/accessors-smart-1.2.jar:/Users/nstergiou/.m2/repository/org/ow2/asm/asm/5.0.4/asm-5.0.4.jar:/Users/nstergiou/.m2/repository/org/apache/httpcomponents/httpmime/4.3.1/httpmime-4.3.1.jar:/Users/nstergiou/.m2/repository/org/apache/httpcomponents/httpclient/4.5.3/httpclient-4.5.3.jar:/Users/nstergiou/.m2/repository/org/apache/httpcomponents/httpcore/4.4.7/httpcore-4.4.7.jar:/Users/nstergiou/.m2/repository/javax/xml/bind/jaxb-api/2.3.0/jaxb-api-2.3.0.jar:/Users/nstergiou/.m2/repository/com/sun/xml/bind/jaxb-core/2.3.0/jaxb-core-2.3.0.jar:/Users/nstergiou/.m2/repository/com/sun/xml/bind/jaxb-impl/2.3.0/jaxb-impl-2.3.0.jar:/Users/nstergiou/.m2/repository/javax/activation/activation/1.1.1/activation-1.1.1.jar:/Users/nstergiou/.m2/repository/org/slf4j/slf4j-simple/1.7.22/slf4j-simple-1.7.22.jar:/Users/nstergiou/.m2/repository/org/junit/jupiter/junit-jupiter-engine/5.5.2/junit-jupiter-engine-5.5.2.jar:/Users/nstergiou/.m2/repository/org/apiguardian/apiguardian-api/1.1.0/apiguardian-api-1.1.0.jar:/Users/nstergiou/.m2/repository/org/junit/platform/junit-platform-engine/1.5.2/junit-platform-engine-1.5.2.jar:/Users/nstergiou/.m2/repository/org/opentest4j/opentest4j/1.2.0/opentest4j-1.2.0.jar:/Users/nstergiou/.m2/repository/org/junit/platform/junit-platform-commons/1.5.2/junit-platform-commons-1.5.2.jar:/Users/nstergiou/.m2/repository/org/junit/jupiter/junit-jupiter-api/5.5.2/junit-jupiter-api-5.5.2.jar:/Users/nstergiou/.m2/repository/org/junit/jupiter/junit-jupiter-params/5.5.2/junit-jupiter-params-5.5.2.jar:/Users/nstergiou/.m2/repository/com/github/tomakehurst/wiremock-jre8-standalone/2.26.3/wiremock-jre8-standalone-2.26.3.jar:/Users/nstergiou/.m2/repository/org/awaitility/awaitility/4.0.2/awaitility-4.0.2.jar:/Users/nstergiou/.m2/repository/org/hamcrest/hamcrest/2.1/hamcrest-2.1.jar:"/>
    <property name="java.vm.vendor" value="Oracle Corporation"/>
    <property name="sun.arch.data.model" value="64"/>
    <property name="java.vendor.url" value="https://java.oracle.com/"/>
    <property name="os.name" value="Mac OS X"/>
    <property name="java.vm.specification.version" value="13"/>
    <property name="sun.java.launcher" value="SUN_STANDARD"/>
    <property name="user.country" value="GB"/>
    <property name="sun.boot.library.path" value="/Library/Java/JavaVirtualMachines/jdk-13.0.2.jdk/Contents/Home/lib"/>
    <property name="sun.java.command" value="/Users/nstergiou/Downloads/sfpd-integration/target/surefire/surefirebooter16116896507637536446.jar /Users/nstergiou/Downloads/sfpd-integration/target/surefire 2020-04-01T16-43-49_307-jvmRun1 surefire14677242801832516105tmp surefire_011619184980256293092tmp"/>
    <property name="http.nonProxyHosts" value="local|*.local|169.254/16|*.169.254/16"/>
    <property name="jdk.debug" value="release"/>
    <property name="surefire.test.class.path" value="/Users/nstergiou/Downloads/sfpd-integration/target/test-classes:/Users/nstergiou/Downloads/sfpd-integration/target/classes:/Users/nstergiou/.m2/repository/org/apache/camel/camel-core/2.20.2/camel-core-2.20.2.jar:/Users/nstergiou/.m2/repository/org/slf4j/slf4j-api/1.7.22/slf4j-api-1.7.22.jar:/Users/nstergiou/.m2/repository/org/apache/camel/camel-http/2.20.2/camel-http-2.20.2.jar:/Users/nstergiou/.m2/repository/org/apache/camel/camel-http-common/2.20.2/camel-http-common-2.20.2.jar:/Users/nstergiou/.m2/repository/javax/servlet/javax.servlet-api/3.1.0/javax.servlet-api-3.1.0.jar:/Users/nstergiou/.m2/repository/commons-httpclient/commons-httpclient/3.1/commons-httpclient-3.1.jar:/Users/nstergiou/.m2/repository/commons-logging/commons-logging/1.2/commons-logging-1.2.jar:/Users/nstergiou/.m2/repository/commons-codec/commons-codec/1.10/commons-codec-1.10.jar:/Users/nstergiou/.m2/repository/org/apache/camel/camel-validator/3.1.0/camel-validator-3.1.0.jar:/Users/nstergiou/.m2/repository/org/apache/camel/camel-support/3.1.0/camel-support-3.1.0.jar:/Users/nstergiou/.m2/repository/org/apache/camel/camel-api/3.1.0/camel-api-3.1.0.jar:/Users/nstergiou/.m2/repository/org/apache/camel/camel-management-api/3.1.0/camel-management-api-3.1.0.jar:/Users/nstergiou/.m2/repository/org/apache/camel/camel-util/3.1.0/camel-util-3.1.0.jar:/Users/nstergiou/.m2/repository/org/apache/camel/camel-xml-jaxp/3.1.0/camel-xml-jaxp-3.1.0.jar:/Users/nstergiou/.m2/repository/org/apache/camel/camel-jsonpath/2.20.2/camel-jsonpath-2.20.2.jar:/Users/nstergiou/.m2/repository/com/jayway/jsonpath/json-path/2.4.0/json-path-2.4.0.jar:/Users/nstergiou/.m2/repository/net/minidev/json-smart/2.3/json-smart-2.3.jar:/Users/nstergiou/.m2/repository/net/minidev/accessors-smart/1.2/accessors-smart-1.2.jar:/Users/nstergiou/.m2/repository/org/ow2/asm/asm/5.0.4/asm-5.0.4.jar:/Users/nstergiou/.m2/repository/org/apache/httpcomponents/httpmime/4.3.1/httpmime-4.3.1.jar:/Users/nstergiou/.m2/repository/org/apache/httpcomponents/httpclient/4.5.3/httpclient-4.5.3.jar:/Users/nstergiou/.m2/repository/org/apache/httpcomponents/httpcore/4.4.7/httpcore-4.4.7.jar:/Users/nstergiou/.m2/repository/javax/xml/bind/jaxb-api/2.3.0/jaxb-api-2.3.0.jar:/Users/nstergiou/.m2/repository/com/sun/xml/bind/jaxb-core/2.3.0/jaxb-core-2.3.0.jar:/Users/nstergiou/.m2/repository/com/sun/xml/bind/jaxb-impl/2.3.0/jaxb-impl-2.3.0.jar:/Users/nstergiou/.m2/repository/javax/activation/activation/1.1.1/activation-1.1.1.jar:/Users/nstergiou/.m2/repository/org/slf4j/slf4j-simple/1.7.22/slf4j-simple-1.7.22.jar:/Users/nstergiou/.m2/repository/org/junit/jupiter/junit-jupiter-engine/5.5.2/junit-jupiter-engine-5.5.2.jar:/Users/nstergiou/.m2/repository/org/apiguardian/apiguardian-api/1.1.0/apiguardian-api-1.1.0.jar:/Users/nstergiou/.m2/repository/org/junit/platform/junit-platform-engine/1.5.2/junit-platform-engine-1.5.2.jar:/Users/nstergiou/.m2/repository/org/opentest4j/opentest4j/1.2.0/opentest4j-1.2.0.jar:/Users/nstergiou/.m2/repository/org/junit/platform/junit-platform-commons/1.5.2/junit-platform-commons-1.5.2.jar:/Users/nstergiou/.m2/repository/org/junit/jupiter/junit-jupiter-api/5.5.2/junit-jupiter-api-5.5.2.jar:/Users/nstergiou/.m2/repository/org/junit/jupiter/junit-jupiter-params/5.5.2/junit-jupiter-params-5.5.2.jar:/Users/nstergiou/.m2/repository/com/github/tomakehurst/wiremock-jre8-standalone/2.26.3/wiremock-jre8-standalone-2.26.3.jar:/Users/nstergiou/.m2/repository/org/awaitility/awaitility/4.0.2/awaitility-4.0.2.jar:/Users/nstergiou/.m2/repository/org/hamcrest/hamcrest/2.1/hamcrest-2.1.jar:"/>
    <property name="sun.cpu.endian" value="little"/>
    <property name="user.home" value="/Users/nstergiou"/>
    <property name="user.language" value="en"/>
    <property name="java.specification.vendor" value="Oracle Corporation"/>
    <property name="java.version.date" value="2020-01-14"/>
    <property name="java.home" value="/Library/Java/JavaVirtualMachines/jdk-13.0.2.jdk/Contents/Home"/>
    <property name="file.separator" value="/"/>
    <property name="basedir" value="/Users/nstergiou/Downloads/sfpd-integration"/>
    <property name="java.vm.compressedOopsMode" value="Zero based"/>
    <property name="line.separator" value="&#10;"/>
    <property name="java.specification.name" value="Java Platform API Specification"/>
    <property name="java.vm.specification.vendor" value="Oracle Corporation"/>
    <property name="surefire.real.class.path" value="/Users/nstergiou/Downloads/sfpd-integration/target/surefire/surefirebooter16116896507637536446.jar"/>
    <property name="sun.management.compiler" value="HotSpot 64-Bit Tiered Compilers"/>
    <property name="ftp.nonProxyHosts" value="local|*.local|169.254/16|*.169.254/16"/>
    <property name="java.runtime.version" value="13.0.2+8"/>
    <property name="user.name" value="nstergiou"/>
    <property name="path.separator" value=":"/>
    <property name="os.version" value="10.15.3"/>
    <property name="java.runtime.name" value="Java(TM) SE Runtime Environment"/>
    <property name="file.encoding" value="UTF-8"/>
    <property name="java.vm.name" value="Java HotSpot(TM) 64-Bit Server VM"/>
    <property name="localRepository" value="/Users/nstergiou/.m2/repository"/>
    <property name="java.vendor.url.bug" value="https://bugreport.java.com/bugreport/"/>
    <property name="java.io.tmpdir" value="/var/folders/p5/fypht59d2z52gb1bq497tqdh0000gp/T/"/>
    <property name="java.version" value="13.0.2"/>
    <property name="user.dir" value="/Users/nstergiou/Downloads/sfpd-integration"/>
    <property name="os.arch" value="x86_64"/>
    <property name="java.vm.specification.name" value="Java Virtual Machine Specification"/>
    <property name="java.library.path" value="/Users/nstergiou/Library/Java/Extensions:/Library/Java/Extensions:/Network/Library/Java/Extensions:/System/Library/Java/Extensions:/usr/lib/java:."/>
    <property name="java.vm.info" value="mixed mode, sharing"/>
    <property name="java.vendor" value="Oracle Corporation"/>
    <property name="java.vm.version" value="13.0.2+8"/>
    <property name="sun.io.unicode.encoding" value="UnicodeBig"/>
    <property name="socksNonProxyHosts" value="local|*.local|169.254/16|*.169.254/16"/>
    <property name="java.class.version" value="57.0"/>
  </properties>
  <testcase name="test{Path}" classname="be.fgov.sfpd.integration.documents.ImportDocumentFromAPSoftToTheseosWorkflowRouteBuilderTest" time="8.098"/>
</testsuite>